<?xml version="1.0" encoding="UTF-8" standalone="no"?><testsuite errors="1" failures="0" name="COmpra de productos" skipped="0" tests="1" time="0.03" timestamp="2023-08-03 06:16:27"><testcase name="Verificacion de los productos"><error message="Cannot invoke &quot;net.serenitybdd.screenplay.PerformsTasks.attemptsTo(net.serenitybdd.screenplay.Performable[])&quot; because the return value of &quot;net.serenitybdd.screenplay.GivenWhenThen.givenThat(net.serenitybdd.screenplay.PerformsTasks)&quot; is null" type="java.lang.NullPointerException">Cannot invoke "net.serenitybdd.screenplay.PerformsTasks.attemptsTo(net.serenitybdd.screenplay.Performable[])" because the return value of "net.serenitybdd.screenplay.GivenWhenThen.givenThat(net.serenitybdd.screenplay.PerformsTasks)" is null</error><system-err>Cannot invoke "net.serenitybdd.screenplay.PerformsTasks.attemptsTo(net.serenitybdd.screenplay.Performable[])" because the return value of "net.serenitybdd.screenplay.GivenWhenThen.givenThat(net.serenitybdd.screenplay.PerformsTasks)" is null
stepdefinitions.CheckSteps.elUsuarioSeEncuentraEnLaPaginaDeVerificacionDeProductos(CheckSteps.java:16)
✽.El usuario se encuentra en la pagina de verificacion de productos(file:///media/qacore/data/AutomationsSerenityBdd/serenityE2E/src/test/resources/features/Check.feature:3)
</system-err></testcase></testsuite>