<?xml version="1.0" encoding="UTF-8" standalone="no"?><testsuite errors="1" failures="0" name="Compra de productos" skipped="0" tests="1" time="0.13" timestamp="2023-08-02 03:22:44"><testcase name="Agregar dos productos al carrito de compras"><error type="java.lang.NullPointerException"/><system-err>null&#13;
com.google.common.base.Preconditions.checkNotNull(Preconditions.java:889)&#13;
stepdefinitions.ProductSteps.seleccionaElProductoYLoAgregaAlCarrito(ProductSteps.java:20)&#13;
✽.Selecciona el producto "Sauce Labs Bike Light" y lo agrega al carrito(file:///D:/Serenity/E2E/serenityE2E/src/test/resources/features/Product.feature:4)&#13;
</system-err></testcase></testsuite>